<?xml version="1.0" encoding="UTF-8"?>
<!-- Generated by org.testng.reporters.JUnitReportReporter -->
<testsuite skipped="0" hostname="Lenovo-PC" name="com.rest.api.schema.CheckSchemaTest" tests="1" failures="1" timestamp="04 Dec 2020 16:17:58 GMT" time="3.573" errors="0">
  <testcase name="get_user_API_schema_Test" time="3.573" classname="com.rest.api.schema.CheckSchemaTest">
    <failure type="java.lang.AssertionError" message="1 expectation failed.
Response body doesn&#039;t match expectation.
Expected: The content to match the given JSON schema.
error: instance type (string) does not match any allowed primitive type (allowed: [&quot;integer&quot;])
    level: &quot;error&quot;
    schema: {&quot;loadingURI&quot;:&quot;file:/F:/Selenium%20Learning%20from%20Naveen/NovAPIRestAssured/target/test-classes/getuserschema.json#&quot;,&quot;pointer&quot;:&quot;/properties/data/items/0/properties/name&quot;}
    instance: {&quot;pointer&quot;:&quot;/data/0/name&quot;}
    domain: &quot;validation&quot;
    keyword: &quot;type&quot;
    found: &quot;string&quot;
    expected: [&quot;integer&quot;]

  Actual: {&quot;code&quot;:200,&quot;meta&quot;:{&quot;pagination&quot;:{&quot;total&quot;:3,&quot;pages&quot;:1,&quot;page&quot;:1,&quot;limit&quot;:20}},&quot;data&quot;:[{&quot;id&quot;:511,&quot;name&quot;:&quot;Abhisyanta Achari II&quot;,&quot;email&quot;:&quot;abhisyanta_achari_ii@bogan.name&quot;,&quot;gender&quot;:&quot;Male&quot;,&quot;status&quot;:&quot;Inactive&quot;,&quot;created_at&quot;:&quot;2020-12-04T03:50:12.218+05:30&quot;,&quot;updated_at&quot;:&quot;2020-12-04T03:50:12.218+05:30&quot;},{&quot;id&quot;:807,&quot;name&quot;:&quot;Abhirath Pothuvaal CPA&quot;,&quot;email&quot;:&quot;cpa_pothuvaal_abhirath@davis.name&quot;,&quot;gender&quot;:&quot;Male&quot;,&quot;status&quot;:&quot;Inactive&quot;,&quot;created_at&quot;:&quot;2020-12-04T03:50:16.775+05:30&quot;,&quot;updated_at&quot;:&quot;2020-12-04T03:50:16.775+05:30&quot;},{&quot;id&quot;:1090,&quot;name&quot;:&quot;Abhirath Achari&quot;,&quot;email&quot;:&quot;abhirath_achari@harvey-walker.com&quot;,&quot;gender&quot;:&quot;Male&quot;,&quot;status&quot;:&quot;Inactive&quot;,&quot;created_at&quot;:&quot;2020-12-04T03:50:21.233+05:30&quot;,&quot;updated_at&quot;:&quot;2020-12-04T03:50:21.233+05:30&quot;}]}
">
      <![CDATA[java.lang.AssertionError: 1 expectation failed.
Response body doesn't match expectation.
Expected: The content to match the given JSON schema.
error: instance type (string) does not match any allowed primitive type (allowed: ["integer"])
    level: "error"
    schema: {"loadingURI":"file:/F:/Selenium%20Learning%20from%20Naveen/NovAPIRestAssured/target/test-classes/getuserschema.json#","pointer":"/properties/data/items/0/properties/name"}
    instance: {"pointer":"/data/0/name"}
    domain: "validation"
    keyword: "type"
    found: "string"
    expected: ["integer"]

  Actual: {"code":200,"meta":{"pagination":{"total":3,"pages":1,"page":1,"limit":20}},"data":[{"id":511,"name":"Abhisyanta Achari II","email":"abhisyanta_achari_ii@bogan.name","gender":"Male","status":"Inactive","created_at":"2020-12-04T03:50:12.218+05:30","updated_at":"2020-12-04T03:50:12.218+05:30"},{"id":807,"name":"Abhirath Pothuvaal CPA","email":"cpa_pothuvaal_abhirath@davis.name","gender":"Male","status":"Inactive","created_at":"2020-12-04T03:50:16.775+05:30","updated_at":"2020-12-04T03:50:16.775+05:30"},{"id":1090,"name":"Abhirath Achari","email":"abhirath_achari@harvey-walker.com","gender":"Male","status":"Inactive","created_at":"2020-12-04T03:50:21.233+05:30","updated_at":"2020-12-04T03:50:21.233+05:30"}]}

at sun.reflect.NativeConstructorAccessorImpl.newInstance0(Native Method)
at sun.reflect.NativeConstructorAccessorImpl.newInstance(Unknown Source)
at sun.reflect.DelegatingConstructorAccessorImpl.newInstance(Unknown Source)
at java.lang.reflect.Constructor.newInstance(Unknown Source)
at org.codehaus.groovy.reflection.CachedConstructor.invoke(CachedConstructor.java:72)
at org.codehaus.groovy.reflection.CachedConstructor.doConstructorInvoke(CachedConstructor.java:59)
at org.codehaus.groovy.runtime.callsite.ConstructorSite$ConstructorSiteNoUnwrap.callConstructor(ConstructorSite.java:84)
at org.codehaus.groovy.runtime.callsite.CallSiteArray.defaultCallConstructor(CallSiteArray.java:59)
at org.codehaus.groovy.runtime.callsite.AbstractCallSite.callConstructor(AbstractCallSite.java:263)
at org.codehaus.groovy.runtime.callsite.AbstractCallSite.callConstructor(AbstractCallSite.java:277)
at io.restassured.internal.ResponseSpecificationImpl$HamcrestAssertionClosure.validate(ResponseSpecificationImpl.groovy:493)
at io.restassured.internal.ResponseSpecificationImpl$HamcrestAssertionClosure$validate$1.call(Unknown Source)
at io.restassured.internal.ResponseSpecificationImpl.validateResponseIfRequired(ResponseSpecificationImpl.groovy:674)
at sun.reflect.NativeMethodAccessorImpl.invoke0(Native Method)
at sun.reflect.NativeMethodAccessorImpl.invoke(Unknown Source)
at sun.reflect.DelegatingMethodAccessorImpl.invoke(Unknown Source)
at java.lang.reflect.Method.invoke(Unknown Source)
at org.codehaus.groovy.runtime.callsite.PlainObjectMetaMethodSite.doInvoke(PlainObjectMetaMethodSite.java:43)
at org.codehaus.groovy.runtime.callsite.PogoMetaMethodSite$PogoCachedMethodSiteNoUnwrapNoCoerce.invoke(PogoMetaMethodSite.java:193)
at org.codehaus.groovy.runtime.callsite.PogoMetaMethodSite.callCurrent(PogoMetaMethodSite.java:61)
at org.codehaus.groovy.runtime.callsite.CallSiteArray.defaultCallCurrent(CallSiteArray.java:51)
at org.codehaus.groovy.runtime.callsite.AbstractCallSite.callCurrent(AbstractCallSite.java:171)
at org.codehaus.groovy.runtime.callsite.AbstractCallSite.callCurrent(AbstractCallSite.java:185)
at io.restassured.internal.ResponseSpecificationImpl.body(ResponseSpecificationImpl.groovy:98)
at io.restassured.internal.ValidatableResponseOptionsImpl.body(ValidatableResponseOptionsImpl.java:238)
at io.restassured.internal.ValidatableResponseImpl.super$2$body(ValidatableResponseImpl.groovy)
at sun.reflect.NativeMethodAccessorImpl.invoke0(Native Method)
at sun.reflect.NativeMethodAccessorImpl.invoke(Unknown Source)
at sun.reflect.DelegatingMethodAccessorImpl.invoke(Unknown Source)
at java.lang.reflect.Method.invoke(Unknown Source)
at org.codehaus.groovy.reflection.CachedMethod.invoke(CachedMethod.java:107)
at groovy.lang.MetaMethod.doMethodInvoke(MetaMethod.java:323)
at groovy.lang.MetaClassImpl.invokeMethod(MetaClassImpl.java:1267)
at org.codehaus.groovy.runtime.ScriptBytecodeAdapter.invokeMethodOnSuperN(ScriptBytecodeAdapter.java:144)
at io.restassured.internal.ValidatableResponseImpl.body(ValidatableResponseImpl.groovy:293)
at io.restassured.internal.ValidatableResponseImpl.body(ValidatableResponseImpl.groovy)
at com.rest.api.schema.CheckSchemaTest.get_user_API_schema_Test(CheckSchemaTest.java:44)
at sun.reflect.NativeMethodAccessorImpl.invoke0(Native Method)
at sun.reflect.NativeMethodAccessorImpl.invoke(Unknown Source)
at sun.reflect.DelegatingMethodAccessorImpl.invoke(Unknown Source)
at java.lang.reflect.Method.invoke(Unknown Source)
at org.testng.internal.MethodInvocationHelper.invokeMethod(MethodInvocationHelper.java:124)
at org.testng.internal.Invoker.invokeMethod(Invoker.java:583)
at org.testng.internal.Invoker.invokeTestMethod(Invoker.java:719)
at org.testng.internal.Invoker.invokeTestMethods(Invoker.java:989)
at org.testng.internal.TestMethodWorker.invokeTestMethods(TestMethodWorker.java:125)
at org.testng.internal.TestMethodWorker.run(TestMethodWorker.java:109)
at org.testng.TestRunner.privateRun(TestRunner.java:648)
at org.testng.TestRunner.run(TestRunner.java:505)
at org.testng.SuiteRunner.runTest(SuiteRunner.java:455)
at org.testng.SuiteRunner.runSequentially(SuiteRunner.java:450)
at org.testng.SuiteRunner.privateRun(SuiteRunner.java:415)
at org.testng.SuiteRunner.run(SuiteRunner.java:364)
at org.testng.SuiteRunnerWorker.runSuite(SuiteRunnerWorker.java:52)
at org.testng.SuiteRunnerWorker.run(SuiteRunnerWorker.java:84)
at org.testng.TestNG.runSuitesSequentially(TestNG.java:1208)
at org.testng.TestNG.runSuitesLocally(TestNG.java:1137)
at org.testng.TestNG.runSuites(TestNG.java:1049)
at org.testng.TestNG.run(TestNG.java:1017)
at org.testng.remote.AbstractRemoteTestNG.run(AbstractRemoteTestNG.java:115)
at org.testng.remote.RemoteTestNG.initAndRun(RemoteTestNG.java:251)
at org.testng.remote.RemoteTestNG.main(RemoteTestNG.java:77)
]]>
    </failure>
  </testcase> <!-- get_user_API_schema_Test -->
</testsuite> <!-- com.rest.api.schema.CheckSchemaTest -->
